2025-05-15T11:42:47.343+08:00  INFO 14048 --- [TCManager] [main] c.m.TCManager.TcManagerApplication       : Starting TcManagerApplication using Java 17.0.13 with PID 14048 (D:\Study_Work\Electronic_data\CS\AAAUniversity\DB\Lab\Lab3\TCManager\target\classes started by Wanging in D:\Study_Work\Electronic_data\CS\AAAUniversity\DB\Lab\Lab3\TCManager)
2025-05-15T11:42:47.346+08:00  INFO 14048 --- [TCManager] [main] c.m.TCManager.TcManagerApplication       : No active profile set, falling back to 1 default profile: "default"
2025-05-15T11:42:49.278+08:00  INFO 14048 --- [TCManager] [main] o.s.b.w.embedded.tomcat.TomcatWebServer  : Tomcat initialized with port 8080 (http)
2025-05-15T11:42:49.292+08:00  INFO 14048 --- [TCManager] [main] o.apache.catalina.core.StandardService   : Starting service [Tomcat]
2025-05-15T11:42:49.298+08:00  INFO 14048 --- [TCManager] [main] o.apache.catalina.core.StandardEngine    : Starting Servlet engine: [Apache Tomcat/10.1.40]
2025-05-15T11:42:49.359+08:00  INFO 14048 --- [TCManager] [main] o.a.c.c.C.[Tomcat].[localhost].[/]       : Initializing Spring embedded WebApplicationContext
2025-05-15T11:42:49.360+08:00  INFO 14048 --- [TCManager] [main] w.s.c.ServletWebServerApplicationContext : Root WebApplicationContext: initialization completed in 1933 ms
2025-05-15T11:42:51.514+08:00  INFO 14048 --- [TCManager] [main] o.s.b.w.embedded.tomcat.TomcatWebServer  : Tomcat started on port 8080 (http) with context path '/'
2025-05-15T11:42:51.531+08:00  INFO 14048 --- [TCManager] [main] c.m.TCManager.TcManagerApplication       : Started TcManagerApplication in 4.669 seconds (process running for 4.981)
2025-05-15T11:43:58.793+08:00  INFO 14048 --- [TCManager] [http-nio-8080-exec-4] o.a.c.c.C.[Tomcat].[localhost].[/]       : Initializing Spring DispatcherServlet 'dispatcherServlet'
2025-05-15T11:43:58.793+08:00  INFO 14048 --- [TCManager] [http-nio-8080-exec-4] o.s.web.servlet.DispatcherServlet        : Initializing Servlet 'dispatcherServlet'
2025-05-15T11:43:58.797+08:00  INFO 14048 --- [TCManager] [http-nio-8080-exec-4] o.s.web.servlet.DispatcherServlet        : Completed initialization in 4 ms
2025-05-15T11:43:58.940+08:00  INFO 14048 --- [TCManager] [http-nio-8080-exec-4] c.m.T.controller.PaperController         : Received request to fetch papers for teacher ID: T001
2025-05-15T11:43:58.998+08:00  INFO 14048 --- [TCManager] [http-nio-8080-exec-4] com.zaxxer.hikari.HikariDataSource       : HikariPool-1 - Starting...
2025-05-15T11:43:59.970+08:00  INFO 14048 --- [TCManager] [http-nio-8080-exec-4] com.zaxxer.hikari.pool.HikariPool        : HikariPool-1 - Added connection com.mysql.cj.jdbc.ConnectionImpl@51ca170d
2025-05-15T11:43:59.974+08:00  INFO 14048 --- [TCManager] [http-nio-8080-exec-4] com.zaxxer.hikari.HikariDataSource       : HikariPool-1 - Start completed.
2025-05-15T11:44:00.096+08:00  INFO 14048 --- [TCManager] [http-nio-8080-exec-4] c.m.T.controller.PaperController         : Fetched 0 papers for teacher ID: T001
2025-05-15T11:44:06.049+08:00  INFO 14048 --- [TCManager] [SpringApplicationShutdownHook] o.s.b.w.e.tomcat.GracefulShutdown        : Commencing graceful shutdown. Waiting for active requests to complete
2025-05-15T11:44:06.334+08:00  INFO 14048 --- [TCManager] [tomcat-shutdown] o.s.b.w.e.tomcat.GracefulShutdown        : Graceful shutdown complete
2025-05-15T11:44:06.339+08:00  INFO 14048 --- [TCManager] [SpringApplicationShutdownHook] com.zaxxer.hikari.HikariDataSource       : HikariPool-1 - Shutdown initiated...
2025-05-15T11:44:06.351+08:00  INFO 14048 --- [TCManager] [SpringApplicationShutdownHook] com.zaxxer.hikari.HikariDataSource       : HikariPool-1 - Shutdown completed.
